[greencom.azurewebsites.net/api/swagger-ui/index.html]
[backblue.gif]
[fade.gif]
[index.html]
[greencom.azurewebsites.net/api/swagger-ui/css/typography.css]
[greencom.azurewebsites.net/api/swagger-ui/css/reset.css]
[greencom.azurewebsites.net/api/swagger-ui/css/screen.css]
[greencom.azurewebsites.net/api/swagger-ui/lib/jquery.slideto.min.js]
[greencom.azurewebsites.net/api/swagger-ui/lib/jquery.wiggle.min.js]
[greencom.azurewebsites.net/api/swagger-ui/lib/jquery.ba-bbq.min.js]
[greencom.azurewebsites.net/api/swagger-ui/lib/shred.bundle.js]
[greencom.azurewebsites.net/api/swagger-ui/lib/underscore-min.js]
[greencom.azurewebsites.net/api/swagger-ui/lib/backbone-min.js]
[greencom.azurewebsites.net/api/swagger-ui/lib/handlebars-2.0.0.js]
[greencom.azurewebsites.net/api/swagger-ui/lib/highlight.7.3.pack.js]
[greencom.azurewebsites.net/api/swagger-ui/lib/jquery-1.8.0.min.js]
[greencom.azurewebsites.net/api/swagger-ui/lib/swagger-oauth.js]
[greencom.azurewebsites.net/api/swagger-ui/index.html]
[greencom.azurewebsites.net/api/swagger-ui/lib/marked.js]
[greencom.azurewebsites.net/api/swagger-ui/fonts/droid-sans-v6-latin-regular.eot]
[greencom.azurewebsites.net/api/swagger-ui/lib/swagger-client.js]
[greencom.azurewebsites.net/api/swagger-ui/fonts/droid-sans-v6-latin-regular.woff2]
[greencom.azurewebsites.net/api/swagger-ui/swagger-ui.js]
[greencom.azurewebsites.net/api/swagger-ui/fonts/droid-sans-v6-latin-regular.woff]
[greencom.azurewebsites.net/api/swagger-ui/fonts/droid-sans-v6-latin-regulard41d.eot]
[greencom.azurewebsites.net/api/swagger-ui/fonts/droid-sans-v6-latin-regular.ttf]
[greencom.azurewebsites.net/api/swagger-ui/fonts/droid-sans-v6-latin-700.eot]
[greencom.azurewebsites.net/api/swagger-ui/fonts/droid-sans-v6-latin-700.woff2]
[greencom.azurewebsites.net/api/swagger-ui/fonts/droid-sans-v6-latin-700d41d.eot]
[greencom.azurewebsites.net/api/swagger-ui/fonts/droid-sans-v6-latin-700.woff]
[greencom.azurewebsites.net/api/swagger-ui/fonts/droid-sans-v6-latin-700.ttf]
[greencom.azurewebsites.net/api/swagger-ui/css/typography.css]
[greencom.azurewebsites.net/api/swagger-ui/css/reset.css]
[greencom.azurewebsites.net/api/swagger-ui/images/throbber.gif]
[greencom.azurewebsites.net/api/swagger-ui/images/explorer_icons.png]
[greencom.azurewebsites.net/api/swagger-ui/images/logo_small.png]
[greencom.azurewebsites.net/api/swagger-ui/css/screen.css]
[greencom.azurewebsites.net/api/swagger-ui/fonts/droid-sans-v6-latin-regular.svg]
[greencom.azurewebsites.net/api/swagger-ui/fonts/droid-sans-v6-latin-700.svg]
